[2025-06-30 04:24:47] [INFO] KDE Neon Automated Installer started
[2025-06-30 04:24:47] [INFO] Log file: /home/neon/proj/logparser/logs/kde-install-20250630-042447.log
[2025-06-30 04:24:47] [INFO] Loading configuration from: /home/neon/proj/logparser/install.conf
[2025-06-30 04:24:47] [INFO] Enumerating NVMe drives...
[2025-06-30 04:24:48] [WARN] Windows Boot Manager detected in EFI
[2025-06-30 04:24:48] [INFO] Checking for Windows installation on /dev/nvme0n1
[2025-06-30 04:24:48] [WARN] NTFS partition detected: /dev/nvme0n1p3 (potential Windows)
[2025-06-30 04:24:48] [INFO] Checking for Windows installation on /dev/nvme1n1
[2025-06-30 04:24:48] [INFO] No Windows installation detected on /dev/nvme1n1
[2025-06-30 04:24:48] [INFO] Checking for Windows installation on /dev/nvme2n1
[2025-06-30 04:24:48] [INFO] No Windows installation detected on /dev/nvme2n1
[2025-06-30 04:24:48] [INFO] Checking for Windows installation on /dev/nvme3n1
[2025-06-30 04:24:48] [INFO] No Windows installation detected on /dev/nvme3n1
[2025-06-30 04:24:48] [WARN] Windows installation detected on drives: /dev/nvme0n1
[2025-06-30 04:24:48] [INFO] Multiple drives detected:
[2025-06-30 04:24:48] [INFO] [DRY-RUN] Using first drive: /dev/nvme0n1
[2025-06-30 04:24:48] [INFO] Target drive selected: /dev/nvme0n1
[2025-06-30 04:24:48] [INFO] Saving configuration to: /home/neon/proj/logparser/install.conf
[2025-06-30 04:24:48] [INFO] Starting KDE Neon installation process
[2025-06-30 04:24:48] [INFO] Target drive: /dev/nvme0n1
[2025-06-30 04:24:48] [INFO] Dry run mode: true
[2025-06-30 04:24:48] [INFO] === Phase 1: System Preparation ===
[2025-06-30 04:24:48] [INFO] UEFI boot mode confirmed
[2025-06-30 04:24:48] [INFO] Network connectivity confirmed
[2025-06-30 04:24:48] [INFO] Updating package database
[2025-06-30 04:24:48] [DEBUG] Executing: apt-get update
