[2025-06-30 05:05:40] [INFO] KDE Neon Automated Installer started
[2025-06-30 05:05:40] [INFO] Log file: /home/neon/proj/logparser/logs/kde-install-20250630-050540.log
[2025-06-30 05:05:40] [INFO] Loading configuration from: /home/neon/proj/logparser/install.conf
[2025-06-30 05:05:40] [INFO] Enumerating NVMe drives...
[2025-06-30 05:05:40] [INFO] Multiple drives detected:
[2025-06-30 05:05:40] [INFO] Target drive selected: /dev/nvme1n1
[2025-06-30 05:05:40] [INFO] Saving configuration to: /home/neon/proj/logparser/install.conf
[2025-06-30 05:05:40] [INFO] Starting KDE Neon installation process
[2025-06-30 05:05:40] [INFO] Target drive: /dev/nvme1n1
[2025-06-30 05:05:40] [INFO] Dry run mode: true
[2025-06-30 05:05:40] [INFO] UEFI boot mode confirmed
[2025-06-30 05:05:40] [INFO] Network connectivity confirmed
[2025-06-30 05:05:40] [INFO] Phase 1 completed successfully
[2025-06-30 05:05:40] [INFO] Phase 2 completed successfully
[2025-06-30 05:05:40] [INFO] Extracting system files from squashfs (this will take several minutes)...
[2025-06-30 05:05:40] [INFO] Phase 3 completed successfully
[2025-06-30 05:05:40] [INFO] Phase 4 completed successfully
[2025-06-30 05:05:40] [INFO] Phase 5 completed successfully
[2025-06-30 05:05:40] [INFO] Installation completed successfully!
[2025-06-30 05:05:40] [INFO] System is ready to reboot
[2025-06-30 05:05:40] [INFO] KDE Neon Automated Installer completed
